{"numTotalTestSuites":3,"numPassedTestSuites":1,"numFailedTestSuites":2,"numPendingTestSuites":0,"numTotalTests":9,"numPassedTests":8,"numFailedTests":1,"numPendingTests":0,"numTodoTests":0,"snapshot":{"added":0,"failure":false,"filesAdded":0,"filesRemoved":0,"filesRemovedList":[],"filesUnmatched":0,"filesUpdated":0,"matched":0,"total":0,"unchecked":0,"uncheckedKeysByFile":[],"unmatched":0,"updated":0,"didUpdate":false},"startTime":1786338047541,"success":false,"testResults":[{"assertionResults":[{"ancestorTitles":["M2 Wave2 PostgreSQL + HTTP E2E readiness"],"fullName":"M2 Wave2 PostgreSQL + HTTP E2E readiness reports real PostgreSQL availability without faking PASS","status":"passed","title":"reports real PostgreSQL availability without faking PASS","duration":224.99119999999994,"failureMessages":[],"meta":{}},{"ancestorTitles":["M2 Wave2 PostgreSQL + HTTP E2E"],"fullName":"M2 Wave2 PostgreSQL + HTTP E2E E2E-W2-01 happy path confirms priority, starts intervention, completes action, and creates no outcome-like or AI side effects","status":"passed","title":"E2E-W2-01 happy path confirms priority, starts intervention, completes action, and creates no outcome-like or AI side effects","duration":907.2972,"failureMessages":[],"meta":{}},{"ancestorTitles":["M2 Wave2 PostgreSQL + HTTP E2E"],"fullName":"M2 Wave2 PostgreSQL + HTTP E2E E2E-W2-02 revoked or missing consent blocks priority, intervention, and action flow without side effects","status":"passed","title":"E2E-W2-02 revoked or missing consent blocks priority, intervention, and action flow without side effects","duration":1368.4710999999998,"failureMessages":[],"meta":{}},{"ancestorTitles":["M2 Wave2 PostgreSQL + HTTP E2E"],"fullName":"M2 Wave2 PostgreSQL + HTTP E2E E2E-W2-03 safety escalation blocks normal Wave2 continuation without priority/intervention/action side effects","status":"passed","title":"E2E-W2-03 safety escalation blocks normal Wave2 continuation without priority/intervention/action side effects","duration":986.8860000000004,"failureMessages":[],"meta":{}},{"ancestorTitles":["M2 Wave2 PostgreSQL + HTTP E2E"],"fullName":"M2 Wave2 PostgreSQL + HTTP E2E E2E-W2-04 forbidden fields are rejected and do not mutate Wave2 state","status":"passed","title":"E2E-W2-04 forbidden fields are rejected and do not mutate Wave2 state","duration":482.08970000000045,"failureMessages":[],"meta":{}},{"ancestorTitles":["M2 Wave2 PostgreSQL + HTTP E2E"],"fullName":"M2 Wave2 PostgreSQL + HTTP E2E E2E-W2-05 no-priority decision and stale draft do not create hidden state","status":"passed","title":"E2E-W2-05 no-priority decision and stale draft do not create hidden state","duration":590.0951999999997,"failureMessages":[],"meta":{}},{"ancestorTitles":["M2 Wave2 PostgreSQL + HTTP E2E"],"fullName":"M2 Wave2 PostgreSQL + HTTP E2E E2E-W2-06 keeps idempotent replay behind current actor authorization for all Wave2 writes","status":"passed","title":"E2E-W2-06 keeps idempotent replay behind current actor authorization for all Wave2 writes","duration":502.41619999999966,"failureMessages":[],"meta":{}},{"ancestorTitles":["M2 Wave2 PostgreSQL + HTTP E2E"],"fullName":"M2 Wave2 PostgreSQL + HTTP E2E E2E-W2-07 returns no future action after today action is completed","status":"failed","title":"E2E-W2-07 returns no future action after today action is completed","duration":476.5533999999998,"failureMessages":["SyntaxError: Unexpected end of JSON input\n    at JSON.parse (<anonymous>)\n    at parseJSONFromBytes (node:internal/deps/undici/undici:4319:19)\n    at successSteps (node:internal/deps/undici/undici:6967:27)\n    at readAllBytes (node:internal/deps/undici/undici:5890:13)\n    at processTicksAndRejections (node:internal/process/task_queues:104:5)"],"meta":{}},{"ancestorTitles":["M2 Wave2 PostgreSQL + HTTP E2E"],"fullName":"M2 Wave2 PostgreSQL + HTTP E2E E2E-W2-08 resolves the onboarding child in a multi-child family without a first-child shortcut","status":"passed","title":"E2E-W2-08 resolves the onboarding child in a multi-child family without a first-child shortcut","duration":417.70949999999993,"failureMessages":[],"meta":{}}],"startTime":1786338050021,"endTime":1786338055977.7095,"status":"failed","message":"","name":"D:/Family/50_开发_dev/apps/api/src/modules/family/family-wave2.e2e-spec.ts"}]}