{"numTotalTestSuites":3,"numPassedTestSuites":3,"numFailedTestSuites":0,"numPendingTestSuites":0,"numTotalTests":9,"numPassedTests":9,"numFailedTests":0,"numPendingTests":0,"numTodoTests":0,"snapshot":{"added":0,"failure":false,"filesAdded":0,"filesRemoved":0,"filesRemovedList":[],"filesUnmatched":0,"filesUpdated":0,"matched":0,"total":0,"unchecked":0,"uncheckedKeysByFile":[],"unmatched":0,"updated":0,"didUpdate":false},"startTime":1786338290653,"success":true,"testResults":[{"assertionResults":[{"ancestorTitles":["M2 Wave2 PostgreSQL + HTTP E2E readiness"],"fullName":"M2 Wave2 PostgreSQL + HTTP E2E readiness reports real PostgreSQL availability without faking PASS","status":"passed","title":"reports real PostgreSQL availability without faking PASS","duration":392.8820000000005,"failureMessages":[],"meta":{}},{"ancestorTitles":["M2 Wave2 PostgreSQL + HTTP E2E"],"fullName":"M2 Wave2 PostgreSQL + HTTP E2E E2E-W2-01 happy path confirms priority, starts intervention, completes action, and creates no outcome-like or AI side effects","status":"passed","title":"E2E-W2-01 happy path confirms priority, starts intervention, completes action, and creates no outcome-like or AI side effects","duration":1657.4612000000006,"failureMessages":[],"meta":{}},{"ancestorTitles":["M2 Wave2 PostgreSQL + HTTP E2E"],"fullName":"M2 Wave2 PostgreSQL + HTTP E2E E2E-W2-02 revoked or missing consent blocks priority, intervention, and action flow without side effects","status":"passed","title":"E2E-W2-02 revoked or missing consent blocks priority, intervention, and action flow without side effects","duration":1132.2568,"failureMessages":[],"meta":{}},{"ancestorTitles":["M2 Wave2 PostgreSQL + HTTP E2E"],"fullName":"M2 Wave2 PostgreSQL + HTTP E2E E2E-W2-03 safety escalation blocks normal Wave2 continuation without priority/intervention/action side effects","status":"passed","title":"E2E-W2-03 safety escalation blocks normal Wave2 continuation without priority/intervention/action side effects","duration":4127.788600000001,"failureMessages":[],"meta":{}},{"ancestorTitles":["M2 Wave2 PostgreSQL + HTTP E2E"],"fullName":"M2 Wave2 PostgreSQL + HTTP E2E E2E-W2-04 forbidden fields are rejected and do not mutate Wave2 state","status":"passed","title":"E2E-W2-04 forbidden fields are rejected and do not mutate Wave2 state","duration":554.2867999999999,"failureMessages":[],"meta":{}},{"ancestorTitles":["M2 Wave2 PostgreSQL + HTTP E2E"],"fullName":"M2 Wave2 PostgreSQL + HTTP E2E E2E-W2-05 no-priority decision and stale draft do not create hidden state","status":"passed","title":"E2E-W2-05 no-priority decision and stale draft do not create hidden state","duration":509.16359999999986,"failureMessages":[],"meta":{}},{"ancestorTitles":["M2 Wave2 PostgreSQL + HTTP E2E"],"fullName":"M2 Wave2 PostgreSQL + HTTP E2E E2E-W2-06 keeps idempotent replay behind current actor authorization for all Wave2 writes","status":"passed","title":"E2E-W2-06 keeps idempotent replay behind current actor authorization for all Wave2 writes","duration":447.08690000000024,"failureMessages":[],"meta":{}},{"ancestorTitles":["M2 Wave2 PostgreSQL + HTTP E2E"],"fullName":"M2 Wave2 PostgreSQL + HTTP E2E E2E-W2-07 returns no future action after today action is completed","status":"passed","title":"E2E-W2-07 returns no future action after today action is completed","duration":499.8078000000005,"failureMessages":[],"meta":{}},{"ancestorTitles":["M2 Wave2 PostgreSQL + HTTP E2E"],"fullName":"M2 Wave2 PostgreSQL + HTTP E2E E2E-W2-08 resolves the onboarding child in a multi-child family without a first-child shortcut","status":"passed","title":"E2E-W2-08 resolves the onboarding child in a multi-child family without a first-child shortcut","duration":476.3042999999998,"failureMessages":[],"meta":{}}],"startTime":1786338295466,"endTime":1786338305263.3042,"status":"passed","message":"","name":"D:/Family/50_开发_dev/apps/api/src/modules/family/family-wave2.e2e-spec.ts"}]}